[1.359s] Invoking command in '/home/rashika/ir_line_follower_ws/src/ir_line_follower': PYTHONPATH=/home/rashika/ir_line_follower_ws/build/ir_line_follower/prefix_override:/usr/lib/python3/dist-packages/colcon_core/task/python/colcon_distutils_commands:/home/rashika/ir_line_follower_ws/install/ir_line_follower/lib/python3.12/site-packages:${PYTHONPATH} /usr/bin/python3 -W ignore:setup.py install is deprecated -W ignore:easy_install command is deprecated setup.py egg_info --egg-base ../../build/ir_line_follower build --build-base /home/rashika/ir_line_follower_ws/build/ir_line_follower/build install --record /home/rashika/ir_line_follower_ws/build/ir_line_follower/install.log --install-scripts $base/lib/ir_line_follower --single-version-externally-managed install_data
[1.710s] running egg_info
[1.730s] writing ../../build/ir_line_follower/ir_line_follower.egg-info/PKG-INFO
[1.734s] writing dependency_links to ../../build/ir_line_follower/ir_line_follower.egg-info/dependency_links.txt
[1.735s] writing entry points to ../../build/ir_line_follower/ir_line_follower.egg-info/entry_points.txt
[1.736s] writing requirements to ../../build/ir_line_follower/ir_line_follower.egg-info/requires.txt
[1.737s] writing top-level names to ../../build/ir_line_follower/ir_line_follower.egg-info/top_level.txt
[1.790s] reading manifest file '../../build/ir_line_follower/ir_line_follower.egg-info/SOURCES.txt'
[1.792s] writing manifest file '../../build/ir_line_follower/ir_line_follower.egg-info/SOURCES.txt'
[1.793s] running build
[1.794s] running build_py
[1.794s] running install
[1.803s] running install_lib
[1.824s] running install_data
[1.825s] running install_egg_info
[1.845s] removing '/home/rashika/ir_line_follower_ws/install/ir_line_follower/lib/python3.12/site-packages/ir_line_follower-0.1.0-py3.12.egg-info' (and everything under it)
[1.848s] Copying ../../build/ir_line_follower/ir_line_follower.egg-info to /home/rashika/ir_line_follower_ws/install/ir_line_follower/lib/python3.12/site-packages/ir_line_follower-0.1.0-py3.12.egg-info
[1.849s] running install_scripts
[2.019s] Installing ir_controller_node script to /home/rashika/ir_line_follower_ws/install/ir_line_follower/lib/ir_line_follower
[2.021s] Installing ir_sensor_node script to /home/rashika/ir_line_follower_ws/install/ir_line_follower/lib/ir_line_follower
[2.021s] writing list of installed files to '/home/rashika/ir_line_follower_ws/build/ir_line_follower/install.log'
[2.061s] Invoked command in '/home/rashika/ir_line_follower_ws/src/ir_line_follower' returned '0': PYTHONPATH=/home/rashika/ir_line_follower_ws/build/ir_line_follower/prefix_override:/usr/lib/python3/dist-packages/colcon_core/task/python/colcon_distutils_commands:/home/rashika/ir_line_follower_ws/install/ir_line_follower/lib/python3.12/site-packages:${PYTHONPATH} /usr/bin/python3 -W ignore:setup.py install is deprecated -W ignore:easy_install command is deprecated setup.py egg_info --egg-base ../../build/ir_line_follower build --build-base /home/rashika/ir_line_follower_ws/build/ir_line_follower/build install --record /home/rashika/ir_line_follower_ws/build/ir_line_follower/install.log --install-scripts $base/lib/ir_line_follower --single-version-externally-managed install_data
