running egg_info
writing ../../build/ir_line_follower/ir_line_follower.egg-info/PKG-INFO
writing dependency_links to ../../build/ir_line_follower/ir_line_follower.egg-info/dependency_links.txt
writing entry points to ../../build/ir_line_follower/ir_line_follower.egg-info/entry_points.txt
writing requirements to ../../build/ir_line_follower/ir_line_follower.egg-info/requires.txt
writing top-level names to ../../build/ir_line_follower/ir_line_follower.egg-info/top_level.txt
reading manifest file '../../build/ir_line_follower/ir_line_follower.egg-info/SOURCES.txt'
writing manifest file '../../build/ir_line_follower/ir_line_follower.egg-info/SOURCES.txt'
running build
running build_py
running install
running install_lib
running install_data
running install_egg_info
removing '/home/rashika/ir_line_follower_ws/install/ir_line_follower/lib/python3.12/site-packages/ir_line_follower-0.1.0-py3.12.egg-info' (and everything under it)
Copying ../../build/ir_line_follower/ir_line_follower.egg-info to /home/rashika/ir_line_follower_ws/install/ir_line_follower/lib/python3.12/site-packages/ir_line_follower-0.1.0-py3.12.egg-info
running install_scripts
Installing ir_controller_node script to /home/rashika/ir_line_follower_ws/install/ir_line_follower/lib/ir_line_follower
Installing ir_sensor_node script to /home/rashika/ir_line_follower_ws/install/ir_line_follower/lib/ir_line_follower
writing list of installed files to '/home/rashika/ir_line_follower_ws/build/ir_line_follower/install.log'
