[1.715s] Invoking command in '/home/rashika/ir_line_follower_ws/build/ir_line_follower': PYTHONPATH=/home/rashika/ir_line_follower_ws/build/ir_line_follower/prefix_override:/usr/lib/python3/dist-packages/colcon_core/task/python/colcon_distutils_commands:/home/rashika/ir_line_follower_ws/install/ir_line_follower/lib/python3.12/site-packages: /usr/bin/python3 -W ignore:setup.py install is deprecated -W ignore:easy_install command is deprecated setup.py develop --editable --build-directory /home/rashika/ir_line_follower_ws/build/ir_line_follower/build --no-deps symlink_data
[2.165s] running develop
[2.352s] running egg_info
[2.372s] writing ir_line_follower.egg-info/PKG-INFO
[2.372s] writing dependency_links to ir_line_follower.egg-info/dependency_links.txt
[2.372s] writing entry points to ir_line_follower.egg-info/entry_points.txt
[2.373s] writing requirements to ir_line_follower.egg-info/requires.txt
[2.373s] writing top-level names to ir_line_follower.egg-info/top_level.txt
[2.414s] reading manifest file 'ir_line_follower.egg-info/SOURCES.txt'
[2.416s] writing manifest file 'ir_line_follower.egg-info/SOURCES.txt'
[2.452s] running build_ext
[2.470s] Creating /home/rashika/ir_line_follower_ws/install/ir_line_follower/lib/python3.12/site-packages/ir-line-follower.egg-link (link to .)
[2.471s] Installing ir_controller_node script to /home/rashika/ir_line_follower_ws/install/ir_line_follower/lib/ir_line_follower
[2.488s] Installing ir_sensor_node script to /home/rashika/ir_line_follower_ws/install/ir_line_follower/lib/ir_line_follower
[2.491s] 
[2.491s] Installed /home/rashika/ir_line_follower_ws/build/ir_line_follower
[2.491s] running symlink_data
[2.491s] symbolically linking /home/rashika/ir_line_follower_ws/build/ir_line_follower/models/ir_robot/model.sdf -> /home/rashika/ir_line_follower_ws/install/ir_line_follower/share/ir_line_follower/models/ir_robot
[2.491s] error: [Errno 17] File exists: '/home/rashika/ir_line_follower_ws/build/ir_line_follower/models/ir_robot/model.sdf' -> '/home/rashika/ir_line_follower_ws/install/ir_line_follower/share/ir_line_follower/models/ir_robot/model.sdf'
[2.621s] Invoked command in '/home/rashika/ir_line_follower_ws/build/ir_line_follower' returned '1': PYTHONPATH=/home/rashika/ir_line_follower_ws/build/ir_line_follower/prefix_override:/usr/lib/python3/dist-packages/colcon_core/task/python/colcon_distutils_commands:/home/rashika/ir_line_follower_ws/install/ir_line_follower/lib/python3.12/site-packages: /usr/bin/python3 -W ignore:setup.py install is deprecated -W ignore:easy_install command is deprecated setup.py develop --editable --build-directory /home/rashika/ir_line_follower_ws/build/ir_line_follower/build --no-deps symlink_data
