[0.143s] DEBUG:colcon:Command line arguments: ['/usr/bin/colcon', 'build']
[0.143s] DEBUG:colcon:Parsed command line arguments: Namespace(log_base=None, log_level=None, verb_name='build', build_base='build', install_base='install', merge_install=False, symlink_install=False, test_result_base=None, continue_on_error=False, executor='parallel', parallel_workers=4, event_handlers=None, ignore_user_meta=False, metas=['./colcon.meta'], base_paths=['.'], packages_ignore=None, packages_ignore_regex=None, paths=None, packages_up_to=None, packages_up_to_regex=None, packages_above=None, packages_above_and_dependencies=None, packages_above_depth=None, packages_select_by_dep=None, packages_skip_by_dep=None, packages_skip_up_to=None, packages_select_build_failed=False, packages_skip_build_finished=False, packages_select_test_failures=False, packages_skip_test_passed=False, packages_select=None, packages_skip=None, packages_select_regex=None, packages_skip_regex=None, packages_start=None, packages_end=None, allow_overriding=[], cmake_args=None, cmake_target=None, cmake_target_skip_unavailable=False, cmake_clean_cache=False, cmake_clean_first=False, cmake_force_configure=False, ament_cmake_args=None, catkin_cmake_args=None, catkin_skip_building_tests=False, verb_parser=<colcon_defaults.argument_parser.defaults.DefaultArgumentsDecorator object at 0x75cfe52536b0>, verb_extension=<colcon_core.verb.build.BuildVerb object at 0x75cfe52532f0>, main=<bound method BuildVerb.main of <colcon_core.verb.build.BuildVerb object at 0x75cfe52532f0>>)
[0.186s] Level 1:colcon.colcon_core.package_discovery:discover_packages(colcon_meta) check parameters
[0.187s] Level 1:colcon.colcon_core.package_discovery:discover_packages(recursive) check parameters
[0.187s] Level 1:colcon.colcon_core.package_discovery:discover_packages(ignore) check parameters
[0.187s] Level 1:colcon.colcon_core.package_discovery:discover_packages(path) check parameters
[0.187s] Level 1:colcon.colcon_core.package_discovery:discover_packages(colcon_meta) discover
[0.187s] Level 1:colcon.colcon_core.package_discovery:discover_packages(recursive) discover
[0.187s] INFO:colcon.colcon_core.package_discovery:Crawling recursively for packages in '/home/rashika/ir_line_follower_ws'
[0.188s] Level 1:colcon.colcon_core.package_identification:_identify(.) by extensions ['ignore', 'ignore_ament_install']
[0.188s] Level 1:colcon.colcon_core.package_identification:_identify(.) by extension 'ignore'
[0.188s] Level 1:colcon.colcon_core.package_identification:_identify(.) by extension 'ignore_ament_install'
[0.188s] Level 1:colcon.colcon_core.package_identification:_identify(.) by extensions ['colcon_pkg']
[0.188s] Level 1:colcon.colcon_core.package_identification:_identify(.) by extension 'colcon_pkg'
[0.188s] Level 1:colcon.colcon_core.package_identification:_identify(.) by extensions ['colcon_meta']
[0.188s] Level 1:colcon.colcon_core.package_identification:_identify(.) by extension 'colcon_meta'
[0.189s] Level 1:colcon.colcon_core.package_identification:_identify(.) by extensions ['ros']
[0.189s] Level 1:colcon.colcon_core.package_identification:_identify(.) by extension 'ros'
[0.219s] Level 1:colcon.colcon_core.package_identification:_identify(.) by extensions ['cmake', 'python']
[0.220s] Level 1:colcon.colcon_core.package_identification:_identify(.) by extension 'cmake'
[0.220s] Level 1:colcon.colcon_core.package_identification:_identify(.) by extension 'python'
[0.220s] Level 1:colcon.colcon_core.package_identification:_identify(.) by extensions ['python_setup_py']
[0.220s] Level 1:colcon.colcon_core.package_identification:_identify(.) by extension 'python_setup_py'
[0.220s] Level 1:colcon.colcon_core.package_identification:_identify(build) by extensions ['ignore', 'ignore_ament_install']
[0.221s] Level 1:colcon.colcon_core.package_identification:_identify(build) by extension 'ignore'
[0.221s] Level 1:colcon.colcon_core.package_identification:_identify(build) ignored
[0.221s] Level 1:colcon.colcon_core.package_identification:_identify(install) by extensions ['ignore', 'ignore_ament_install']
[0.221s] Level 1:colcon.colcon_core.package_identification:_identify(install) by extension 'ignore'
[0.221s] Level 1:colcon.colcon_core.package_identification:_identify(install) ignored
[0.222s] Level 1:colcon.colcon_core.package_identification:_identify(ir_line_follower) by extensions ['ignore', 'ignore_ament_install']
[0.222s] Level 1:colcon.colcon_core.package_identification:_identify(ir_line_follower) by extension 'ignore'
[0.222s] Level 1:colcon.colcon_core.package_identification:_identify(ir_line_follower) by extension 'ignore_ament_install'
[0.222s] Level 1:colcon.colcon_core.package_identification:_identify(ir_line_follower) by extensions ['colcon_pkg']
[0.222s] Level 1:colcon.colcon_core.package_identification:_identify(ir_line_follower) by extension 'colcon_pkg'
[0.222s] Level 1:colcon.colcon_core.package_identification:_identify(ir_line_follower) by extensions ['colcon_meta']
[0.222s] Level 1:colcon.colcon_core.package_identification:_identify(ir_line_follower) by extension 'colcon_meta'
[0.223s] Level 1:colcon.colcon_core.package_identification:_identify(ir_line_follower) by extensions ['ros']
[0.223s] Level 1:colcon.colcon_core.package_identification:_identify(ir_line_follower) by extension 'ros'
[0.223s] Level 1:colcon.colcon_core.package_identification:_identify(ir_line_follower) by extensions ['cmake', 'python']
[0.223s] Level 1:colcon.colcon_core.package_identification:_identify(ir_line_follower) by extension 'cmake'
[0.223s] Level 1:colcon.colcon_core.package_identification:_identify(ir_line_follower) by extension 'python'
[0.223s] Level 1:colcon.colcon_core.package_identification:_identify(ir_line_follower) by extensions ['python_setup_py']
[0.224s] Level 1:colcon.colcon_core.package_identification:_identify(ir_line_follower) by extension 'python_setup_py'
[0.224s] Level 1:colcon.colcon_core.package_identification:_identify(log) by extensions ['ignore', 'ignore_ament_install']
[0.224s] Level 1:colcon.colcon_core.package_identification:_identify(log) by extension 'ignore'
[0.224s] Level 1:colcon.colcon_core.package_identification:_identify(log) ignored
[0.224s] Level 1:colcon.colcon_core.package_identification:_identify(src) by extensions ['ignore', 'ignore_ament_install']
[0.225s] Level 1:colcon.colcon_core.package_identification:_identify(src) by extension 'ignore'
[0.225s] Level 1:colcon.colcon_core.package_identification:_identify(src) by extension 'ignore_ament_install'
[0.225s] Level 1:colcon.colcon_core.package_identification:_identify(src) by extensions ['colcon_pkg']
[0.225s] Level 1:colcon.colcon_core.package_identification:_identify(src) by extension 'colcon_pkg'
[0.225s] Level 1:colcon.colcon_core.package_identification:_identify(src) by extensions ['colcon_meta']
[0.225s] Level 1:colcon.colcon_core.package_identification:_identify(src) by extension 'colcon_meta'
[0.225s] Level 1:colcon.colcon_core.package_identification:_identify(src) by extensions ['ros']
[0.225s] Level 1:colcon.colcon_core.package_identification:_identify(src) by extension 'ros'
[0.225s] Level 1:colcon.colcon_core.package_identification:_identify(src) by extensions ['cmake', 'python']
[0.225s] Level 1:colcon.colcon_core.package_identification:_identify(src) by extension 'cmake'
[0.225s] Level 1:colcon.colcon_core.package_identification:_identify(src) by extension 'python'
[0.226s] Level 1:colcon.colcon_core.package_identification:_identify(src) by extensions ['python_setup_py']
[0.226s] Level 1:colcon.colcon_core.package_identification:_identify(src) by extension 'python_setup_py'
[0.226s] Level 1:colcon.colcon_core.package_identification:_identify(src/config) by extensions ['ignore', 'ignore_ament_install']
[0.226s] Level 1:colcon.colcon_core.package_identification:_identify(src/config) by extension 'ignore'
[0.226s] Level 1:colcon.colcon_core.package_identification:_identify(src/config) by extension 'ignore_ament_install'
[0.226s] Level 1:colcon.colcon_core.package_identification:_identify(src/config) by extensions ['colcon_pkg']
[0.226s] Level 1:colcon.colcon_core.package_identification:_identify(src/config) by extension 'colcon_pkg'
[0.226s] Level 1:colcon.colcon_core.package_identification:_identify(src/config) by extensions ['colcon_meta']
[0.226s] Level 1:colcon.colcon_core.package_identification:_identify(src/config) by extension 'colcon_meta'
[0.226s] Level 1:colcon.colcon_core.package_identification:_identify(src/config) by extensions ['ros']
[0.226s] Level 1:colcon.colcon_core.package_identification:_identify(src/config) by extension 'ros'
[0.226s] Level 1:colcon.colcon_core.package_identification:_identify(src/config) by extensions ['cmake', 'python']
[0.226s] Level 1:colcon.colcon_core.package_identification:_identify(src/config) by extension 'cmake'
[0.226s] Level 1:colcon.colcon_core.package_identification:_identify(src/config) by extension 'python'
[0.226s] Level 1:colcon.colcon_core.package_identification:_identify(src/config) by extensions ['python_setup_py']
[0.226s] Level 1:colcon.colcon_core.package_identification:_identify(src/config) by extension 'python_setup_py'
[0.226s] Level 1:colcon.colcon_core.package_identification:_identify(src/ir_line_follower) by extensions ['ignore', 'ignore_ament_install']
[0.226s] Level 1:colcon.colcon_core.package_identification:_identify(src/ir_line_follower) by extension 'ignore'
[0.226s] Level 1:colcon.colcon_core.package_identification:_identify(src/ir_line_follower) by extension 'ignore_ament_install'
[0.227s] Level 1:colcon.colcon_core.package_identification:_identify(src/ir_line_follower) by extensions ['colcon_pkg']
[0.227s] Level 1:colcon.colcon_core.package_identification:_identify(src/ir_line_follower) by extension 'colcon_pkg'
[0.227s] Level 1:colcon.colcon_core.package_identification:_identify(src/ir_line_follower) by extensions ['colcon_meta']
[0.227s] Level 1:colcon.colcon_core.package_identification:_identify(src/ir_line_follower) by extension 'colcon_meta'
[0.227s] Level 1:colcon.colcon_core.package_identification:_identify(src/ir_line_follower) by extensions ['ros']
[0.227s] Level 1:colcon.colcon_core.package_identification:_identify(src/ir_line_follower) by extension 'ros'
[0.231s] DEBUG:colcon.colcon_core.package_identification:Package 'src/ir_line_follower' with type 'ros.ament_python' and name 'ir_line_follower'
[0.231s] Level 1:colcon.colcon_core.package_identification:_identify(src/launch) by extensions ['ignore', 'ignore_ament_install']
[0.231s] Level 1:colcon.colcon_core.package_identification:_identify(src/launch) by extension 'ignore'
[0.231s] Level 1:colcon.colcon_core.package_identification:_identify(src/launch) by extension 'ignore_ament_install'
[0.231s] Level 1:colcon.colcon_core.package_identification:_identify(src/launch) by extensions ['colcon_pkg']
[0.231s] Level 1:colcon.colcon_core.package_identification:_identify(src/launch) by extension 'colcon_pkg'
[0.231s] Level 1:colcon.colcon_core.package_identification:_identify(src/launch) by extensions ['colcon_meta']
[0.231s] Level 1:colcon.colcon_core.package_identification:_identify(src/launch) by extension 'colcon_meta'
[0.231s] Level 1:colcon.colcon_core.package_identification:_identify(src/launch) by extensions ['ros']
[0.231s] Level 1:colcon.colcon_core.package_identification:_identify(src/launch) by extension 'ros'
[0.231s] Level 1:colcon.colcon_core.package_identification:_identify(src/launch) by extensions ['cmake', 'python']
[0.231s] Level 1:colcon.colcon_core.package_identification:_identify(src/launch) by extension 'cmake'
[0.231s] Level 1:colcon.colcon_core.package_identification:_identify(src/launch) by extension 'python'
[0.231s] Level 1:colcon.colcon_core.package_identification:_identify(src/launch) by extensions ['python_setup_py']
[0.231s] Level 1:colcon.colcon_core.package_identification:_identify(src/launch) by extension 'python_setup_py'
[0.232s] Level 1:colcon.colcon_core.package_identification:_identify(src/models) by extensions ['ignore', 'ignore_ament_install']
[0.232s] Level 1:colcon.colcon_core.package_identification:_identify(src/models) by extension 'ignore'
[0.232s] Level 1:colcon.colcon_core.package_identification:_identify(src/models) by extension 'ignore_ament_install'
[0.232s] Level 1:colcon.colcon_core.package_identification:_identify(src/models) by extensions ['colcon_pkg']
[0.232s] Level 1:colcon.colcon_core.package_identification:_identify(src/models) by extension 'colcon_pkg'
[0.232s] Level 1:colcon.colcon_core.package_identification:_identify(src/models) by extensions ['colcon_meta']
[0.232s] Level 1:colcon.colcon_core.package_identification:_identify(src/models) by extension 'colcon_meta'
[0.232s] Level 1:colcon.colcon_core.package_identification:_identify(src/models) by extensions ['ros']
[0.232s] Level 1:colcon.colcon_core.package_identification:_identify(src/models) by extension 'ros'
[0.232s] Level 1:colcon.colcon_core.package_identification:_identify(src/models) by extensions ['cmake', 'python']
[0.232s] Level 1:colcon.colcon_core.package_identification:_identify(src/models) by extension 'cmake'
[0.232s] Level 1:colcon.colcon_core.package_identification:_identify(src/models) by extension 'python'
[0.232s] Level 1:colcon.colcon_core.package_identification:_identify(src/models) by extensions ['python_setup_py']
[0.232s] Level 1:colcon.colcon_core.package_identification:_identify(src/models) by extension 'python_setup_py'
[0.232s] Level 1:colcon.colcon_core.package_identification:_identify(src/models/ir_robot) by extensions ['ignore', 'ignore_ament_install']
[0.232s] Level 1:colcon.colcon_core.package_identification:_identify(src/models/ir_robot) by extension 'ignore'
[0.232s] Level 1:colcon.colcon_core.package_identification:_identify(src/models/ir_robot) by extension 'ignore_ament_install'
[0.232s] Level 1:colcon.colcon_core.package_identification:_identify(src/models/ir_robot) by extensions ['colcon_pkg']
[0.232s] Level 1:colcon.colcon_core.package_identification:_identify(src/models/ir_robot) by extension 'colcon_pkg'
[0.232s] Level 1:colcon.colcon_core.package_identification:_identify(src/models/ir_robot) by extensions ['colcon_meta']
[0.233s] Level 1:colcon.colcon_core.package_identification:_identify(src/models/ir_robot) by extension 'colcon_meta'
[0.233s] Level 1:colcon.colcon_core.package_identification:_identify(src/models/ir_robot) by extensions ['ros']
[0.233s] Level 1:colcon.colcon_core.package_identification:_identify(src/models/ir_robot) by extension 'ros'
[0.233s] Level 1:colcon.colcon_core.package_identification:_identify(src/models/ir_robot) by extensions ['cmake', 'python']
[0.233s] Level 1:colcon.colcon_core.package_identification:_identify(src/models/ir_robot) by extension 'cmake'
[0.233s] Level 1:colcon.colcon_core.package_identification:_identify(src/models/ir_robot) by extension 'python'
[0.233s] Level 1:colcon.colcon_core.package_identification:_identify(src/models/ir_robot) by extensions ['python_setup_py']
[0.233s] Level 1:colcon.colcon_core.package_identification:_identify(src/models/ir_robot) by extension 'python_setup_py'
[0.233s] Level 1:colcon.colcon_core.package_identification:_identify(src/worlds) by extensions ['ignore', 'ignore_ament_install']
[0.233s] Level 1:colcon.colcon_core.package_identification:_identify(src/worlds) by extension 'ignore'
[0.233s] Level 1:colcon.colcon_core.package_identification:_identify(src/worlds) by extension 'ignore_ament_install'
[0.233s] Level 1:colcon.colcon_core.package_identification:_identify(src/worlds) by extensions ['colcon_pkg']
[0.233s] Level 1:colcon.colcon_core.package_identification:_identify(src/worlds) by extension 'colcon_pkg'
[0.233s] Level 1:colcon.colcon_core.package_identification:_identify(src/worlds) by extensions ['colcon_meta']
[0.233s] Level 1:colcon.colcon_core.package_identification:_identify(src/worlds) by extension 'colcon_meta'
[0.233s] Level 1:colcon.colcon_core.package_identification:_identify(src/worlds) by extensions ['ros']
[0.233s] Level 1:colcon.colcon_core.package_identification:_identify(src/worlds) by extension 'ros'
[0.233s] Level 1:colcon.colcon_core.package_identification:_identify(src/worlds) by extensions ['cmake', 'python']
[0.233s] Level 1:colcon.colcon_core.package_identification:_identify(src/worlds) by extension 'cmake'
[0.233s] Level 1:colcon.colcon_core.package_identification:_identify(src/worlds) by extension 'python'
[0.233s] Level 1:colcon.colcon_core.package_identification:_identify(src/worlds) by extensions ['python_setup_py']
[0.233s] Level 1:colcon.colcon_core.package_identification:_identify(src/worlds) by extension 'python_setup_py'
[0.234s] Level 1:colcon.colcon_core.package_discovery:discover_packages(recursive) using defaults
[0.234s] Level 1:colcon.colcon_core.package_discovery:discover_packages(ignore) discover
[0.234s] Level 1:colcon.colcon_core.package_discovery:discover_packages(ignore) using defaults
[0.234s] Level 1:colcon.colcon_core.package_discovery:discover_packages(path) discover
[0.234s] Level 1:colcon.colcon_core.package_discovery:discover_packages(path) using defaults
[0.257s] Level 1:colcon.colcon_core.package_discovery:discover_packages(prefix_path) check parameters
[0.257s] Level 1:colcon.colcon_core.package_discovery:discover_packages(prefix_path) discover
[0.261s] DEBUG:colcon.colcon_installed_package_information.package_discovery:Found 320 installed packages in /opt/ros/jazzy
[0.262s] Level 1:colcon.colcon_core.package_discovery:discover_packages(prefix_path) using defaults
[0.317s] Level 5:colcon.colcon_core.verb:set package 'ir_line_follower' build argument 'cmake_args' from command line to 'None'
[0.318s] Level 5:colcon.colcon_core.verb:set package 'ir_line_follower' build argument 'cmake_target' from command line to 'None'
[0.318s] Level 5:colcon.colcon_core.verb:set package 'ir_line_follower' build argument 'cmake_target_skip_unavailable' from command line to 'False'
[0.318s] Level 5:colcon.colcon_core.verb:set package 'ir_line_follower' build argument 'cmake_clean_cache' from command line to 'False'
[0.318s] Level 5:colcon.colcon_core.verb:set package 'ir_line_follower' build argument 'cmake_clean_first' from command line to 'False'
[0.318s] Level 5:colcon.colcon_core.verb:set package 'ir_line_follower' build argument 'cmake_force_configure' from command line to 'False'
[0.318s] Level 5:colcon.colcon_core.verb:set package 'ir_line_follower' build argument 'ament_cmake_args' from command line to 'None'
[0.318s] Level 5:colcon.colcon_core.verb:set package 'ir_line_follower' build argument 'catkin_cmake_args' from command line to 'None'
[0.318s] Level 5:colcon.colcon_core.verb:set package 'ir_line_follower' build argument 'catkin_skip_building_tests' from command line to 'False'
[0.318s] DEBUG:colcon.colcon_core.verb:Building package 'ir_line_follower' with the following arguments: {'ament_cmake_args': None, 'build_base': '/home/rashika/ir_line_follower_ws/build/ir_line_follower', 'catkin_cmake_args': None, 'catkin_skip_building_tests': False, 'cmake_args': None, 'cmake_clean_cache': False, 'cmake_clean_first': False, 'cmake_force_configure': False, 'cmake_target': None, 'cmake_target_skip_unavailable': False, 'install_base': '/home/rashika/ir_line_follower_ws/install/ir_line_follower', 'merge_install': False, 'path': '/home/rashika/ir_line_follower_ws/src/ir_line_follower', 'symlink_install': False, 'test_result_base': None}
[0.318s] INFO:colcon.colcon_core.executor:Executing jobs using 'parallel' executor
[0.319s] DEBUG:colcon.colcon_parallel_executor.executor.parallel:run_until_complete
[0.320s] INFO:colcon.colcon_ros.task.ament_python.build:Building ROS package in '/home/rashika/ir_line_follower_ws/src/ir_line_follower' with build type 'ament_python'
[0.320s] Level 1:colcon.colcon_core.shell:create_environment_hook('ir_line_follower', 'ament_prefix_path')
[0.322s] INFO:colcon.colcon_core.plugin_system:Skipping extension 'colcon_core.shell.bat': Not used on non-Windows systems
[0.323s] INFO:colcon.colcon_core.shell:Creating environment hook '/home/rashika/ir_line_follower_ws/install/ir_line_follower/share/ir_line_follower/hook/ament_prefix_path.ps1'
[0.327s] INFO:colcon.colcon_core.shell:Creating environment descriptor '/home/rashika/ir_line_follower_ws/install/ir_line_follower/share/ir_line_follower/hook/ament_prefix_path.dsv'
[0.327s] INFO:colcon.colcon_core.shell:Creating environment hook '/home/rashika/ir_line_follower_ws/install/ir_line_follower/share/ir_line_follower/hook/ament_prefix_path.sh'
[0.329s] INFO:colcon.colcon_core.shell:Skip shell extension 'powershell' for command environment: Not usable outside of PowerShell
[0.329s] DEBUG:colcon.colcon_core.shell:Skip shell extension 'dsv' for command environment
[0.638s] INFO:colcon.colcon_core.task.python.build:Building Python package in '/home/rashika/ir_line_follower_ws/src/ir_line_follower'
[0.638s] INFO:colcon.colcon_core.shell:Skip shell extension 'powershell' for command environment: Not usable outside of PowerShell
[0.639s] DEBUG:colcon.colcon_core.shell:Skip shell extension 'dsv' for command environment
[1.373s] DEBUG:colcon.colcon_core.task.python.build:Available setuptools commands: bdist_wheel, build, saveopts, update_catalog, editable_wheel, build_ext, install_lib, alias, install_scripts, bdist_egg, test, bdist_rpm, bdist_dumb, install_headers, dist_info, sdist, check, install_egg_info, build_clib, init_catalog, build_scripts, install, upload, rotate, bdist, symlink_data, egg_info, clean, build_py, register, compile_catalog, setopt, upload_docs, extract_messages, develop, install_data, easy_install
[1.377s] DEBUG:colcon.colcon_core.event_handler.log_command:Invoking command in '/home/rashika/ir_line_follower_ws/src/ir_line_follower': PYTHONPATH=/home/rashika/ir_line_follower_ws/build/ir_line_follower/prefix_override:/usr/lib/python3/dist-packages/colcon_core/task/python/colcon_distutils_commands:/home/rashika/ir_line_follower_ws/install/ir_line_follower/lib/python3.12/site-packages:${PYTHONPATH} /usr/bin/python3 -W ignore:setup.py install is deprecated -W ignore:easy_install command is deprecated setup.py egg_info --egg-base ../../build/ir_line_follower build --build-base /home/rashika/ir_line_follower_ws/build/ir_line_follower/build install --record /home/rashika/ir_line_follower_ws/build/ir_line_follower/install.log --single-version-externally-managed install_data
[2.035s] DEBUG:colcon.colcon_core.event_handler.log_command:Invoked command in '/home/rashika/ir_line_follower_ws/src/ir_line_follower' returned '0': PYTHONPATH=/home/rashika/ir_line_follower_ws/build/ir_line_follower/prefix_override:/usr/lib/python3/dist-packages/colcon_core/task/python/colcon_distutils_commands:/home/rashika/ir_line_follower_ws/install/ir_line_follower/lib/python3.12/site-packages:${PYTHONPATH} /usr/bin/python3 -W ignore:setup.py install is deprecated -W ignore:easy_install command is deprecated setup.py egg_info --egg-base ../../build/ir_line_follower build --build-base /home/rashika/ir_line_follower_ws/build/ir_line_follower/build install --record /home/rashika/ir_line_follower_ws/build/ir_line_follower/install.log --single-version-externally-managed install_data
[2.037s] Level 1:colcon.colcon_core.environment:checking '/home/rashika/ir_line_follower_ws/install/ir_line_follower' for CMake module files
[2.037s] Level 1:colcon.colcon_core.environment:checking '/home/rashika/ir_line_follower_ws/install/ir_line_follower' for CMake config files
[2.038s] Level 1:colcon.colcon_core.environment:checking '/home/rashika/ir_line_follower_ws/install/ir_line_follower/lib'
[2.038s] Level 1:colcon.colcon_core.environment:checking '/home/rashika/ir_line_follower_ws/install/ir_line_follower/bin'
[2.039s] Level 1:colcon.colcon_core.shell:create_environment_hook('ir_line_follower', 'path')
[2.039s] INFO:colcon.colcon_core.shell:Creating environment hook '/home/rashika/ir_line_follower_ws/install/ir_line_follower/share/ir_line_follower/hook/path.ps1'
[2.040s] INFO:colcon.colcon_core.shell:Creating environment descriptor '/home/rashika/ir_line_follower_ws/install/ir_line_follower/share/ir_line_follower/hook/path.dsv'
[2.040s] INFO:colcon.colcon_core.shell:Creating environment hook '/home/rashika/ir_line_follower_ws/install/ir_line_follower/share/ir_line_follower/hook/path.sh'
[2.041s] Level 1:colcon.colcon_core.environment:checking '/home/rashika/ir_line_follower_ws/install/ir_line_follower/lib/pkgconfig/ir_line_follower.pc'
[2.041s] Level 1:colcon.colcon_core.environment:checking '/home/rashika/ir_line_follower_ws/install/ir_line_follower/lib/python3.12/site-packages'
[2.041s] Level 1:colcon.colcon_core.shell:create_environment_hook('ir_line_follower', 'pythonpath')
[2.042s] INFO:colcon.colcon_core.shell:Creating environment hook '/home/rashika/ir_line_follower_ws/install/ir_line_follower/share/ir_line_follower/hook/pythonpath.ps1'
[2.042s] INFO:colcon.colcon_core.shell:Creating environment descriptor '/home/rashika/ir_line_follower_ws/install/ir_line_follower/share/ir_line_follower/hook/pythonpath.dsv'
[2.043s] INFO:colcon.colcon_core.shell:Creating environment hook '/home/rashika/ir_line_follower_ws/install/ir_line_follower/share/ir_line_follower/hook/pythonpath.sh'
[2.044s] Level 1:colcon.colcon_core.environment:checking '/home/rashika/ir_line_follower_ws/install/ir_line_follower/bin'
[2.044s] Level 1:colcon.colcon_core.shell:create_environment_hook('ir_line_follower', 'pythonscriptspath')
[2.044s] INFO:colcon.colcon_core.shell:Creating environment hook '/home/rashika/ir_line_follower_ws/install/ir_line_follower/share/ir_line_follower/hook/pythonscriptspath.ps1'
[2.045s] INFO:colcon.colcon_core.shell:Creating environment descriptor '/home/rashika/ir_line_follower_ws/install/ir_line_follower/share/ir_line_follower/hook/pythonscriptspath.dsv'
[2.046s] INFO:colcon.colcon_core.shell:Creating environment hook '/home/rashika/ir_line_follower_ws/install/ir_line_follower/share/ir_line_follower/hook/pythonscriptspath.sh'
[2.046s] Level 1:colcon.colcon_core.environment:create_environment_scripts_only(ir_line_follower)
[2.047s] INFO:colcon.colcon_core.shell:Creating package script '/home/rashika/ir_line_follower_ws/install/ir_line_follower/share/ir_line_follower/package.ps1'
[2.048s] INFO:colcon.colcon_core.shell:Creating package descriptor '/home/rashika/ir_line_follower_ws/install/ir_line_follower/share/ir_line_follower/package.dsv'
[2.050s] INFO:colcon.colcon_core.shell:Creating package script '/home/rashika/ir_line_follower_ws/install/ir_line_follower/share/ir_line_follower/package.sh'
[2.051s] INFO:colcon.colcon_core.shell:Creating package script '/home/rashika/ir_line_follower_ws/install/ir_line_follower/share/ir_line_follower/package.bash'
[2.053s] INFO:colcon.colcon_core.shell:Creating package script '/home/rashika/ir_line_follower_ws/install/ir_line_follower/share/ir_line_follower/package.zsh'
[2.054s] Level 1:colcon.colcon_core.environment:create_file_with_runtime_dependencies(/home/rashika/ir_line_follower_ws/install/ir_line_follower/share/colcon-core/packages/ir_line_follower)
[2.055s] DEBUG:colcon.colcon_parallel_executor.executor.parallel:closing loop
[2.056s] DEBUG:colcon.colcon_parallel_executor.executor.parallel:loop closed
[2.056s] DEBUG:colcon.colcon_parallel_executor.executor.parallel:run_until_complete finished with '0'
[2.056s] DEBUG:colcon.colcon_core.event_reactor:joining thread
[2.079s] INFO:colcon.colcon_core.plugin_system:Skipping extension 'colcon_notification.desktop_notification.notify_send': Could not find 'notify-send'
[2.079s] INFO:colcon.colcon_core.plugin_system:Skipping extension 'colcon_notification.desktop_notification.terminal_notifier': Not used on non-Darwin systems
[2.079s] INFO:colcon.colcon_core.plugin_system:Skipping extension 'colcon_notification.desktop_notification.win32': Not used on non-Windows systems
[2.079s] INFO:colcon.colcon_notification.desktop_notification:Sending desktop notification using 'notify2'
[2.080s] DEBUG:colcon.colcon_notification.desktop_notification.notify2:Failed to initialize notify2: org.freedesktop.DBus.Error.AccessDenied: Failed to connect to socket /run/user/1000/bus: Operation not permitted
[2.080s] DEBUG:colcon.colcon_core.event_reactor:joined thread
[2.080s] INFO:colcon.colcon_core.shell:Creating prefix script '/home/rashika/ir_line_follower_ws/install/local_setup.ps1'
[2.082s] INFO:colcon.colcon_core.shell:Creating prefix util module '/home/rashika/ir_line_follower_ws/install/_local_setup_util_ps1.py'
[2.083s] INFO:colcon.colcon_core.shell:Creating prefix chain script '/home/rashika/ir_line_follower_ws/install/setup.ps1'
[2.085s] INFO:colcon.colcon_core.shell:Creating prefix script '/home/rashika/ir_line_follower_ws/install/local_setup.sh'
[2.085s] INFO:colcon.colcon_core.shell:Creating prefix util module '/home/rashika/ir_line_follower_ws/install/_local_setup_util_sh.py'
[2.086s] INFO:colcon.colcon_core.shell:Creating prefix chain script '/home/rashika/ir_line_follower_ws/install/setup.sh'
[2.087s] INFO:colcon.colcon_core.shell:Creating prefix script '/home/rashika/ir_line_follower_ws/install/local_setup.bash'
[2.088s] INFO:colcon.colcon_core.shell:Creating prefix chain script '/home/rashika/ir_line_follower_ws/install/setup.bash'
[2.089s] INFO:colcon.colcon_core.shell:Creating prefix script '/home/rashika/ir_line_follower_ws/install/local_setup.zsh'
[2.090s] INFO:colcon.colcon_core.shell:Creating prefix chain script '/home/rashika/ir_line_follower_ws/install/setup.zsh'
