[1.057s] Invoking command in '/home/rashika/ir_line_follower_ws/src/ir_line_follower': PYTHONPATH=/home/rashika/ir_line_follower_ws/build/ir_line_follower/prefix_override:/usr/lib/python3/dist-packages/colcon_core/task/python/colcon_distutils_commands:/home/rashika/ir_line_follower_ws/install/ir_line_follower/lib/python3.12/site-packages:${PYTHONPATH} /usr/bin/python3 -W ignore:setup.py install is deprecated -W ignore:easy_install command is deprecated setup.py egg_info --egg-base ../../build/ir_line_follower build --build-base /home/rashika/ir_line_follower_ws/build/ir_line_follower/build install --record /home/rashika/ir_line_follower_ws/build/ir_line_follower/install.log --single-version-externally-managed install_data
[1.375s] running egg_info
[1.396s] writing ../../build/ir_line_follower/ir_line_follower.egg-info/PKG-INFO
[1.396s] writing dependency_links to ../../build/ir_line_follower/ir_line_follower.egg-info/dependency_links.txt
[1.396s] writing entry points to ../../build/ir_line_follower/ir_line_follower.egg-info/entry_points.txt
[1.396s] writing requirements to ../../build/ir_line_follower/ir_line_follower.egg-info/requires.txt
[1.396s] writing top-level names to ../../build/ir_line_follower/ir_line_follower.egg-info/top_level.txt
[1.444s] reading manifest file '../../build/ir_line_follower/ir_line_follower.egg-info/SOURCES.txt'
[1.445s] writing manifest file '../../build/ir_line_follower/ir_line_follower.egg-info/SOURCES.txt'
[1.445s] running build
[1.446s] running build_py
[1.446s] creating /home/rashika/ir_line_follower_ws/build/ir_line_follower/build
[1.447s] creating /home/rashika/ir_line_follower_ws/build/ir_line_follower/build/lib
[1.447s] creating /home/rashika/ir_line_follower_ws/build/ir_line_follower/build/lib/ir_line_follower
[1.448s] copying ir_line_follower/ir_controller_node.py -> /home/rashika/ir_line_follower_ws/build/ir_line_follower/build/lib/ir_line_follower
[1.448s] copying ir_line_follower/ir_sensor_node.py -> /home/rashika/ir_line_follower_ws/build/ir_line_follower/build/lib/ir_line_follower
[1.448s] copying ir_line_follower/__init__.py -> /home/rashika/ir_line_follower_ws/build/ir_line_follower/build/lib/ir_line_follower
[1.448s] running install
[1.456s] running install_lib
[1.479s] creating /home/rashika/ir_line_follower_ws/install/ir_line_follower/lib/python3.12/site-packages/ir_line_follower
[1.479s] copying /home/rashika/ir_line_follower_ws/build/ir_line_follower/build/lib/ir_line_follower/ir_controller_node.py -> /home/rashika/ir_line_follower_ws/install/ir_line_follower/lib/python3.12/site-packages/ir_line_follower
[1.481s] copying /home/rashika/ir_line_follower_ws/build/ir_line_follower/build/lib/ir_line_follower/ir_sensor_node.py -> /home/rashika/ir_line_follower_ws/install/ir_line_follower/lib/python3.12/site-packages/ir_line_follower
[1.481s] copying /home/rashika/ir_line_follower_ws/build/ir_line_follower/build/lib/ir_line_follower/__init__.py -> /home/rashika/ir_line_follower_ws/install/ir_line_follower/lib/python3.12/site-packages/ir_line_follower
[1.481s] byte-compiling /home/rashika/ir_line_follower_ws/install/ir_line_follower/lib/python3.12/site-packages/ir_line_follower/ir_controller_node.py to ir_controller_node.cpython-312.pyc
[1.484s] byte-compiling /home/rashika/ir_line_follower_ws/install/ir_line_follower/lib/python3.12/site-packages/ir_line_follower/ir_sensor_node.py to ir_sensor_node.cpython-312.pyc
[1.486s] byte-compiling /home/rashika/ir_line_follower_ws/install/ir_line_follower/lib/python3.12/site-packages/ir_line_follower/__init__.py to __init__.cpython-312.pyc
[1.487s] running install_data
[1.487s] creating /home/rashika/ir_line_follower_ws/install/ir_line_follower/share/ament_index
[1.488s] creating /home/rashika/ir_line_follower_ws/install/ir_line_follower/share/ament_index/resource_index
[1.488s] creating /home/rashika/ir_line_follower_ws/install/ir_line_follower/share/ament_index/resource_index/packages
[1.489s] copying resource/ir_line_follower -> /home/rashika/ir_line_follower_ws/install/ir_line_follower/share/ament_index/resource_index/packages
[1.489s] copying package.xml -> /home/rashika/ir_line_follower_ws/install/ir_line_follower/share/ir_line_follower
[1.489s] creating /home/rashika/ir_line_follower_ws/install/ir_line_follower/share/ir_line_follower/launch
[1.490s] copying ../launch/ir line follower.launch.py -> /home/rashika/ir_line_follower_ws/install/ir_line_follower/share/ir_line_follower/launch
[1.490s] creating /home/rashika/ir_line_follower_ws/install/ir_line_follower/share/ir_line_follower/worlds
[1.490s] copying ../worlds/ir_words.sdf -> /home/rashika/ir_line_follower_ws/install/ir_line_follower/share/ir_line_follower/worlds
[1.490s] creating /home/rashika/ir_line_follower_ws/install/ir_line_follower/share/ir_line_follower/config
[1.491s] copying ../config/bridge.yaml -> /home/rashika/ir_line_follower_ws/install/ir_line_follower/share/ir_line_follower/config
[1.491s] creating /home/rashika/ir_line_follower_ws/install/ir_line_follower/share/ir_line_follower/models
[1.491s] creating /home/rashika/ir_line_follower_ws/install/ir_line_follower/share/ir_line_follower/models/ir_robot
[1.491s] copying ../models/ir_robot/model.sdf -> /home/rashika/ir_line_follower_ws/install/ir_line_follower/share/ir_line_follower/models/ir_robot
[1.491s] copying ../models/ir_robot/model.config -> /home/rashika/ir_line_follower_ws/install/ir_line_follower/share/ir_line_follower/models/ir_robot
[1.491s] running install_egg_info
[1.512s] Copying ../../build/ir_line_follower/ir_line_follower.egg-info to /home/rashika/ir_line_follower_ws/install/ir_line_follower/lib/python3.12/site-packages/ir_line_follower-0.1.0-py3.12.egg-info
[1.515s] running install_scripts
[1.674s] Installing ir_controller_node script to /home/rashika/ir_line_follower_ws/install/ir_line_follower/bin
[1.674s] Installing ir_sensor_node script to /home/rashika/ir_line_follower_ws/install/ir_line_follower/bin
[1.675s] writing list of installed files to '/home/rashika/ir_line_follower_ws/build/ir_line_follower/install.log'
[1.714s] Invoked command in '/home/rashika/ir_line_follower_ws/src/ir_line_follower' returned '0': PYTHONPATH=/home/rashika/ir_line_follower_ws/build/ir_line_follower/prefix_override:/usr/lib/python3/dist-packages/colcon_core/task/python/colcon_distutils_commands:/home/rashika/ir_line_follower_ws/install/ir_line_follower/lib/python3.12/site-packages:${PYTHONPATH} /usr/bin/python3 -W ignore:setup.py install is deprecated -W ignore:easy_install command is deprecated setup.py egg_info --egg-base ../../build/ir_line_follower build --build-base /home/rashika/ir_line_follower_ws/build/ir_line_follower/build install --record /home/rashika/ir_line_follower_ws/build/ir_line_follower/install.log --single-version-externally-managed install_data
