[1.169s] Invoking command in '/home/rashika/ir_line_follower_ws/build/ir_line_follower': PYTHONPATH=/home/rashika/ir_line_follower_ws/build/ir_line_follower/prefix_override:/usr/lib/python3/dist-packages/colcon_core/task/python/colcon_distutils_commands:/home/rashika/ir_line_follower_ws/install/ir_line_follower/lib/python3.12/site-packages: /usr/bin/python3 -W ignore:setup.py install is deprecated -W ignore:easy_install command is deprecated setup.py develop --editable --build-directory /home/rashika/ir_line_follower_ws/build/ir_line_follower/build --no-deps symlink_data --force
[1.542s] running develop
[1.705s] running egg_info
[1.724s] writing ir_line_follower.egg-info/PKG-INFO
[1.731s] writing dependency_links to ir_line_follower.egg-info/dependency_links.txt
[1.731s] writing entry points to ir_line_follower.egg-info/entry_points.txt
[1.732s] writing requirements to ir_line_follower.egg-info/requires.txt
[1.732s] writing top-level names to ir_line_follower.egg-info/top_level.txt
[1.779s] reading manifest file 'ir_line_follower.egg-info/SOURCES.txt'
[1.783s] writing manifest file 'ir_line_follower.egg-info/SOURCES.txt'
[1.800s] running build_ext
[1.802s] Creating /home/rashika/ir_line_follower_ws/install/ir_line_follower/lib/python3.12/site-packages/ir-line-follower.egg-link (link to .)
[1.803s] Installing ir_controller_node script to /home/rashika/ir_line_follower_ws/install/ir_line_follower/lib/ir_line_follower
[1.804s] Installing ir_sensor_node script to /home/rashika/ir_line_follower_ws/install/ir_line_follower/lib/ir_line_follower
[1.804s] 
[1.804s] Installed /home/rashika/ir_line_follower_ws/build/ir_line_follower
[1.810s] running symlink_data
[1.810s] symbolically linking /home/rashika/ir_line_follower_ws/build/ir_line_follower/resource/ir_line_follower -> /home/rashika/ir_line_follower_ws/install/ir_line_follower/share/ament_index/resource_index/packages
[1.811s] symbolically linking /home/rashika/ir_line_follower_ws/build/ir_line_follower/package.xml -> /home/rashika/ir_line_follower_ws/install/ir_line_follower/share/ir_line_follower
[1.811s] error: [Errno 2] No such file or directory: '/home/rashika/ir_line_follower_ws/install/ir_line_follower/share/ir_line_follower/launch/ir_line_follower.launch.py'
[1.873s] Invoked command in '/home/rashika/ir_line_follower_ws/build/ir_line_follower' returned '1': PYTHONPATH=/home/rashika/ir_line_follower_ws/build/ir_line_follower/prefix_override:/usr/lib/python3/dist-packages/colcon_core/task/python/colcon_distutils_commands:/home/rashika/ir_line_follower_ws/install/ir_line_follower/lib/python3.12/site-packages: /usr/bin/python3 -W ignore:setup.py install is deprecated -W ignore:easy_install command is deprecated setup.py develop --editable --build-directory /home/rashika/ir_line_follower_ws/build/ir_line_follower/build --no-deps symlink_data --force
