[1.606s] Invoking command in '/home/rashika/ir_line_follower_ws/build/ir_line_follower': PYTHONPATH=/home/rashika/ir_line_follower_ws/build/ir_line_follower/prefix_override:/usr/lib/python3/dist-packages/colcon_core/task/python/colcon_distutils_commands:/home/rashika/ir_line_follower_ws/install/ir_line_follower/lib/python3.12/site-packages: /usr/bin/python3 -W ignore:setup.py install is deprecated -W ignore:easy_install command is deprecated setup.py develop --editable --build-directory /home/rashika/ir_line_follower_ws/build/ir_line_follower/build --no-deps symlink_data
[2.021s] running develop
[2.187s] running egg_info
[2.204s] writing ir_line_follower.egg-info/PKG-INFO
[2.205s] writing dependency_links to ir_line_follower.egg-info/dependency_links.txt
[2.205s] writing entry points to ir_line_follower.egg-info/entry_points.txt
[2.205s] writing requirements to ir_line_follower.egg-info/requires.txt
[2.205s] writing top-level names to ir_line_follower.egg-info/top_level.txt
[2.240s] reading manifest file 'ir_line_follower.egg-info/SOURCES.txt'
[2.240s] writing manifest file 'ir_line_follower.egg-info/SOURCES.txt'
[2.257s] running build_ext
[2.257s] Creating /home/rashika/ir_line_follower_ws/install/ir_line_follower/lib/python3.12/site-packages/ir-line-follower.egg-link (link to .)
[2.259s] Installing ir_controller_node script to /home/rashika/ir_line_follower_ws/install/ir_line_follower/lib/ir_line_follower
[2.259s] Installing ir_sensor_node script to /home/rashika/ir_line_follower_ws/install/ir_line_follower/lib/ir_line_follower
[2.264s] 
[2.264s] Installed /home/rashika/ir_line_follower_ws/build/ir_line_follower
[2.264s] running symlink_data
[2.264s] creating /home/rashika/ir_line_follower_ws/install/ir_line_follower/share/ir_line_follower/launch
[2.265s] symbolically linking /home/rashika/ir_line_follower_ws/build/ir_line_follower/launch/ir_line_follower.launch.py -> /home/rashika/ir_line_follower_ws/install/ir_line_follower/share/ir_line_follower/launch
[2.265s] creating /home/rashika/ir_line_follower_ws/install/ir_line_follower/share/ir_line_follower/worlds
[2.265s] symbolically linking /home/rashika/ir_line_follower_ws/build/ir_line_follower/worlds/ir_words.sdf -> /home/rashika/ir_line_follower_ws/install/ir_line_follower/share/ir_line_follower/worlds
[2.265s] creating /home/rashika/ir_line_follower_ws/install/ir_line_follower/share/ir_line_follower/config
[2.265s] symbolically linking /home/rashika/ir_line_follower_ws/build/ir_line_follower/config/bridge.yaml -> /home/rashika/ir_line_follower_ws/install/ir_line_follower/share/ir_line_follower/config
[2.265s] creating /home/rashika/ir_line_follower_ws/install/ir_line_follower/share/ir_line_follower/models
[2.265s] creating /home/rashika/ir_line_follower_ws/install/ir_line_follower/share/ir_line_follower/models/ir_robot
[2.266s] symbolically linking /home/rashika/ir_line_follower_ws/build/ir_line_follower/models/ir_robot/model.sdf -> /home/rashika/ir_line_follower_ws/install/ir_line_follower/share/ir_line_follower/models/ir_robot
[2.268s] symbolically linking /home/rashika/ir_line_follower_ws/build/ir_line_follower/models/ir_robot/model.config -> /home/rashika/ir_line_follower_ws/install/ir_line_follower/share/ir_line_follower/models/ir_robot
[2.323s] Invoked command in '/home/rashika/ir_line_follower_ws/build/ir_line_follower' returned '0': PYTHONPATH=/home/rashika/ir_line_follower_ws/build/ir_line_follower/prefix_override:/usr/lib/python3/dist-packages/colcon_core/task/python/colcon_distutils_commands:/home/rashika/ir_line_follower_ws/install/ir_line_follower/lib/python3.12/site-packages: /usr/bin/python3 -W ignore:setup.py install is deprecated -W ignore:easy_install command is deprecated setup.py develop --editable --build-directory /home/rashika/ir_line_follower_ws/build/ir_line_follower/build --no-deps symlink_data
